CRITICAL - 2021-04-03 23:53:48 --> Invalid file: welcome_message.php
#0 /Users/mac/Documents/All About Code/our-weeding/vendor/codeigniter4/framework/system/View/View.php(203): CodeIgniter\Exceptions\FrameworkException::forInvalidFile('welcome_message...')
#1 /Users/mac/Documents/All About Code/our-weeding/vendor/codeigniter4/framework/system/Common.php(1217): CodeIgniter\View\View->render('welcome_message', Array, true)
#2 /Users/mac/Documents/All About Code/our-weeding/app/Controllers/Home.php(9): view('welcome_message')
#3 /Users/mac/Documents/All About Code/our-weeding/vendor/codeigniter4/framework/system/CodeIgniter.php(936): App\Controllers\Home->index()
#4 /Users/mac/Documents/All About Code/our-weeding/vendor/codeigniter4/framework/system/CodeIgniter.php(432): CodeIgniter\CodeIgniter->runController(Object(App\Controllers\Home))
#5 /Users/mac/Documents/All About Code/our-weeding/vendor/codeigniter4/framework/system/CodeIgniter.php(333): CodeIgniter\CodeIgniter->handleRequest(NULL, Object(Config\Cache), false)
#6 /Users/mac/Documents/All About Code/our-weeding/public/index.php(44): CodeIgniter\CodeIgniter->run()
#7 /Users/mac/Documents/All About Code/our-weeding/vendor/codeigniter4/framework/system/Commands/Server/rewrite.php(45): require_once('/Users/mac/Docu...')
#8 {main}
CRITICAL - 2021-04-03 23:54:19 --> Invalid file: welcome_message.php
#0 /Users/mac/Documents/All About Code/our-weeding/vendor/codeigniter4/framework/system/View/View.php(203): CodeIgniter\Exceptions\FrameworkException::forInvalidFile('welcome_message...')
#1 /Users/mac/Documents/All About Code/our-weeding/vendor/codeigniter4/framework/system/Common.php(1217): CodeIgniter\View\View->render('welcome_message', Array, true)
#2 /Users/mac/Documents/All About Code/our-weeding/app/Controllers/Home.php(9): view('welcome_message')
#3 /Users/mac/Documents/All About Code/our-weeding/vendor/codeigniter4/framework/system/CodeIgniter.php(936): App\Controllers\Home->index()
#4 /Users/mac/Documents/All About Code/our-weeding/vendor/codeigniter4/framework/system/CodeIgniter.php(432): CodeIgniter\CodeIgniter->runController(Object(App\Controllers\Home))
#5 /Users/mac/Documents/All About Code/our-weeding/vendor/codeigniter4/framework/system/CodeIgniter.php(333): CodeIgniter\CodeIgniter->handleRequest(NULL, Object(Config\Cache), false)
#6 /Users/mac/Documents/All About Code/our-weeding/public/index.php(44): CodeIgniter\CodeIgniter->run()
#7 /Users/mac/Documents/All About Code/our-weeding/vendor/codeigniter4/framework/system/Commands/Server/rewrite.php(45): require_once('/Users/mac/Docu...')
#8 {main}
CRITICAL - 2021-04-03 23:54:19 --> Invalid file: welcome_message.php
#0 /Users/mac/Documents/All About Code/our-weeding/vendor/codeigniter4/framework/system/View/View.php(203): CodeIgniter\Exceptions\FrameworkException::forInvalidFile('welcome_message...')
#1 /Users/mac/Documents/All About Code/our-weeding/vendor/codeigniter4/framework/system/Common.php(1217): CodeIgniter\View\View->render('welcome_message', Array, true)
#2 /Users/mac/Documents/All About Code/our-weeding/app/Controllers/Home.php(9): view('welcome_message')
#3 /Users/mac/Documents/All About Code/our-weeding/vendor/codeigniter4/framework/system/CodeIgniter.php(936): App\Controllers\Home->index()
#4 /Users/mac/Documents/All About Code/our-weeding/vendor/codeigniter4/framework/system/CodeIgniter.php(432): CodeIgniter\CodeIgniter->runController(Object(App\Controllers\Home))
#5 /Users/mac/Documents/All About Code/our-weeding/vendor/codeigniter4/framework/system/CodeIgniter.php(333): CodeIgniter\CodeIgniter->handleRequest(NULL, Object(Config\Cache), false)
#6 /Users/mac/Documents/All About Code/our-weeding/public/index.php(44): CodeIgniter\CodeIgniter->run()
#7 /Users/mac/Documents/All About Code/our-weeding/vendor/codeigniter4/framework/system/Commands/Server/rewrite.php(45): require_once('/Users/mac/Docu...')
#8 {main}
CRITICAL - 2021-04-03 23:54:20 --> Invalid file: welcome_message.php
#0 /Users/mac/Documents/All About Code/our-weeding/vendor/codeigniter4/framework/system/View/View.php(203): CodeIgniter\Exceptions\FrameworkException::forInvalidFile('welcome_message...')
#1 /Users/mac/Documents/All About Code/our-weeding/vendor/codeigniter4/framework/system/Common.php(1217): CodeIgniter\View\View->render('welcome_message', Array, true)
#2 /Users/mac/Documents/All About Code/our-weeding/app/Controllers/Home.php(9): view('welcome_message')
#3 /Users/mac/Documents/All About Code/our-weeding/vendor/codeigniter4/framework/system/CodeIgniter.php(936): App\Controllers\Home->index()
#4 /Users/mac/Documents/All About Code/our-weeding/vendor/codeigniter4/framework/system/CodeIgniter.php(432): CodeIgniter\CodeIgniter->runController(Object(App\Controllers\Home))
#5 /Users/mac/Documents/All About Code/our-weeding/vendor/codeigniter4/framework/system/CodeIgniter.php(333): CodeIgniter\CodeIgniter->handleRequest(NULL, Object(Config\Cache), false)
#6 /Users/mac/Documents/All About Code/our-weeding/public/index.php(44): CodeIgniter\CodeIgniter->run()
#7 /Users/mac/Documents/All About Code/our-weeding/vendor/codeigniter4/framework/system/Commands/Server/rewrite.php(45): require_once('/Users/mac/Docu...')
#8 {main}
CRITICAL - 2021-04-03 23:54:29 --> Invalid file: welcome_message.php
#0 /Users/mac/Documents/All About Code/our-weeding/vendor/codeigniter4/framework/system/View/View.php(203): CodeIgniter\Exceptions\FrameworkException::forInvalidFile('welcome_message...')
#1 /Users/mac/Documents/All About Code/our-weeding/vendor/codeigniter4/framework/system/Common.php(1217): CodeIgniter\View\View->render('welcome_message', Array, true)
#2 /Users/mac/Documents/All About Code/our-weeding/app/Controllers/Home.php(9): view('welcome_message')
#3 /Users/mac/Documents/All About Code/our-weeding/vendor/codeigniter4/framework/system/CodeIgniter.php(936): App\Controllers\Home->index()
#4 /Users/mac/Documents/All About Code/our-weeding/vendor/codeigniter4/framework/system/CodeIgniter.php(432): CodeIgniter\CodeIgniter->runController(Object(App\Controllers\Home))
#5 /Users/mac/Documents/All About Code/our-weeding/vendor/codeigniter4/framework/system/CodeIgniter.php(333): CodeIgniter\CodeIgniter->handleRequest(NULL, Object(Config\Cache), false)
#6 /Users/mac/Documents/All About Code/our-weeding/public/index.php(44): CodeIgniter\CodeIgniter->run()
#7 /Users/mac/Documents/All About Code/our-weeding/vendor/codeigniter4/framework/system/Commands/Server/rewrite.php(45): require_once('/Users/mac/Docu...')
#8 {main}
