CRITICAL - 2021-04-04 00:20:19 --> Call to undefined method CodeIgniter\HTTP\URI::query()
#0 /Users/mac/Documents/All About Code/our-weeding/vendor/codeigniter4/framework/system/CodeIgniter.php(936): App\Controllers\Home->index()
#1 /Users/mac/Documents/All About Code/our-weeding/vendor/codeigniter4/framework/system/CodeIgniter.php(432): CodeIgniter\CodeIgniter->runController(Object(App\Controllers\Home))
#2 /Users/mac/Documents/All About Code/our-weeding/vendor/codeigniter4/framework/system/CodeIgniter.php(333): CodeIgniter\CodeIgniter->handleRequest(NULL, Object(Config\Cache), false)
#3 /Users/mac/Documents/All About Code/our-weeding/public/index.php(44): CodeIgniter\CodeIgniter->run()
#4 /Users/mac/Documents/All About Code/our-weeding/vendor/codeigniter4/framework/system/Commands/Server/rewrite.php(45): require_once('/Users/mac/Docu...')
#5 {main}
CRITICAL - 2021-04-04 00:20:28 --> Cannot access protected property CodeIgniter\HTTP\URI::$query
#0 /Users/mac/Documents/All About Code/our-weeding/vendor/codeigniter4/framework/system/CodeIgniter.php(936): App\Controllers\Home->index()
#1 /Users/mac/Documents/All About Code/our-weeding/vendor/codeigniter4/framework/system/CodeIgniter.php(432): CodeIgniter\CodeIgniter->runController(Object(App\Controllers\Home))
#2 /Users/mac/Documents/All About Code/our-weeding/vendor/codeigniter4/framework/system/CodeIgniter.php(333): CodeIgniter\CodeIgniter->handleRequest(NULL, Object(Config\Cache), false)
#3 /Users/mac/Documents/All About Code/our-weeding/public/index.php(44): CodeIgniter\CodeIgniter->run()
#4 /Users/mac/Documents/All About Code/our-weeding/vendor/codeigniter4/framework/system/Commands/Server/rewrite.php(45): require_once('/Users/mac/Docu...')
#5 {main}
CRITICAL - 2021-04-04 00:20:33 --> Cannot access protected property CodeIgniter\HTTP\URI::$query
#0 /Users/mac/Documents/All About Code/our-weeding/vendor/codeigniter4/framework/system/CodeIgniter.php(936): App\Controllers\Home->index()
#1 /Users/mac/Documents/All About Code/our-weeding/vendor/codeigniter4/framework/system/CodeIgniter.php(432): CodeIgniter\CodeIgniter->runController(Object(App\Controllers\Home))
#2 /Users/mac/Documents/All About Code/our-weeding/vendor/codeigniter4/framework/system/CodeIgniter.php(333): CodeIgniter\CodeIgniter->handleRequest(NULL, Object(Config\Cache), false)
#3 /Users/mac/Documents/All About Code/our-weeding/public/index.php(44): CodeIgniter\CodeIgniter->run()
#4 /Users/mac/Documents/All About Code/our-weeding/vendor/codeigniter4/framework/system/Commands/Server/rewrite.php(45): require_once('/Users/mac/Docu...')
#5 {main}
CRITICAL - 2021-04-04 00:20:38 --> Cannot access protected property CodeIgniter\HTTP\URI::$query
#0 /Users/mac/Documents/All About Code/our-weeding/vendor/codeigniter4/framework/system/CodeIgniter.php(936): App\Controllers\Home->index()
#1 /Users/mac/Documents/All About Code/our-weeding/vendor/codeigniter4/framework/system/CodeIgniter.php(432): CodeIgniter\CodeIgniter->runController(Object(App\Controllers\Home))
#2 /Users/mac/Documents/All About Code/our-weeding/vendor/codeigniter4/framework/system/CodeIgniter.php(333): CodeIgniter\CodeIgniter->handleRequest(NULL, Object(Config\Cache), false)
#3 /Users/mac/Documents/All About Code/our-weeding/public/index.php(44): CodeIgniter\CodeIgniter->run()
#4 /Users/mac/Documents/All About Code/our-weeding/vendor/codeigniter4/framework/system/Commands/Server/rewrite.php(45): require_once('/Users/mac/Docu...')
#5 {main}
CRITICAL - 2021-04-04 00:20:41 --> Call to undefined method CodeIgniter\HTTP\URI::query()
#0 /Users/mac/Documents/All About Code/our-weeding/vendor/codeigniter4/framework/system/CodeIgniter.php(936): App\Controllers\Home->index()
#1 /Users/mac/Documents/All About Code/our-weeding/vendor/codeigniter4/framework/system/CodeIgniter.php(432): CodeIgniter\CodeIgniter->runController(Object(App\Controllers\Home))
#2 /Users/mac/Documents/All About Code/our-weeding/vendor/codeigniter4/framework/system/CodeIgniter.php(333): CodeIgniter\CodeIgniter->handleRequest(NULL, Object(Config\Cache), false)
#3 /Users/mac/Documents/All About Code/our-weeding/public/index.php(44): CodeIgniter\CodeIgniter->run()
#4 /Users/mac/Documents/All About Code/our-weeding/vendor/codeigniter4/framework/system/Commands/Server/rewrite.php(45): require_once('/Users/mac/Docu...')
#5 {main}
CRITICAL - 2021-04-04 00:21:01 --> Cannot access protected property CodeIgniter\HTTP\URI::$query
#0 /Users/mac/Documents/All About Code/our-weeding/vendor/codeigniter4/framework/system/CodeIgniter.php(936): App\Controllers\Home->index()
#1 /Users/mac/Documents/All About Code/our-weeding/vendor/codeigniter4/framework/system/CodeIgniter.php(432): CodeIgniter\CodeIgniter->runController(Object(App\Controllers\Home))
#2 /Users/mac/Documents/All About Code/our-weeding/vendor/codeigniter4/framework/system/CodeIgniter.php(333): CodeIgniter\CodeIgniter->handleRequest(NULL, Object(Config\Cache), false)
#3 /Users/mac/Documents/All About Code/our-weeding/public/index.php(44): CodeIgniter\CodeIgniter->run()
#4 /Users/mac/Documents/All About Code/our-weeding/vendor/codeigniter4/framework/system/Commands/Server/rewrite.php(45): require_once('/Users/mac/Docu...')
#5 {main}
